C:\HL_SRC\TOOLSET_CLIENT\SRC_DLL\CL_DLL\DEBUG\CL_DLL.BSC
C:\HL_SRC\TOOLSET_CLIENT\SRC_DLL\CL_DLL\DEBUG\VOICE_STATUS.SBR
C:\HL_SRC\TOOLSET_CLIENT\SRC_DLL\CL_DLL\DEBUG\VOICE_BANMGR.SBR
C:\HL_SRC\TOOLSET_CLIENT\SRC_DLL\CL_DLL\DEBUG\VGUI_SLIDER2.SBR
C:\HL_SRC\TOOLSET_CLIENT\SRC_DLL\CL_DLL\DEBUG\VGUI_SCROLLBAR2.SBR
C:\HL_SRC\TOOLSET_CLIENT\SRC_DLL\CL_DLL\DEBUG\TRIPMINE.SBR
C:\HL_SRC\TOOLSET_CLIENT\SRC_DLL\CL_DLL\DEBUG\SQUEAKGRENADE.SBR
C:\HL_SRC\TOOLSET_CLIENT\SRC_DLL\CL_DLL\DEBUG\SHOTGUN.SBR
C:\HL_SRC\TOOLSET_CLIENT\SRC_DLL\CL_DLL\DEBUG\SATCHEL.SBR
C:\HL_SRC\TOOLSET_CLIENT\SRC_DLL\CL_DLL\DEBUG\RPG.SBR
C:\HL_SRC\TOOLSET_CLIENT\SRC_DLL\CL_DLL\DEBUG\PYTHON.SBR
C:\HL_SRC\TOOLSET_CLIENT\SRC_DLL\CL_DLL\DEBUG\MP5.SBR
C:\HL_SRC\TOOLSET_CLIENT\SRC_DLL\CL_DLL\DEBUG\INTERFACE.SBR
C:\HL_SRC\TOOLSET_CLIENT\SRC_DLL\CL_DLL\DEBUG\HORNETGUN.SBR
C:\HL_SRC\TOOLSET_CLIENT\SRC_DLL\CL_DLL\DEBUG\HL_WPN_GLOCK.SBR
C:\HL_SRC\TOOLSET_CLIENT\SRC_DLL\CL_DLL\DEBUG\HL_WEAPONS.SBR
C:\HL_SRC\TOOLSET_CLIENT\SRC_DLL\CL_DLL\DEBUG\HL_OBJECTS.SBR
C:\HL_SRC\TOOLSET_CLIENT\SRC_DLL\CL_DLL\DEBUG\HL_EVENTS.SBR
C:\HL_SRC\TOOLSET_CLIENT\SRC_DLL\CL_DLL\DEBUG\HL_BASEENTITY.SBR
C:\HL_SRC\TOOLSET_CLIENT\SRC_DLL\CL_DLL\DEBUG\HANDGRENADE.SBR
C:\HL_SRC\TOOLSET_CLIENT\SRC_DLL\CL_DLL\DEBUG\GAUSS.SBR
C:\HL_SRC\TOOLSET_CLIENT\SRC_DLL\CL_DLL\DEBUG\GAUSS.OBJ
C:\HL_SRC\TOOLSET_CLIENT\SRC_DLL\CL_DLL\DEBUG\HANDGRENADE.OBJ
C:\HL_SRC\TOOLSET_CLIENT\SRC_DLL\CL_DLL\DEBUG\HL_BASEENTITY.OBJ
C:\HL_SRC\TOOLSET_CLIENT\SRC_DLL\CL_DLL\DEBUG\HL_EVENTS.OBJ
C:\HL_SRC\TOOLSET_CLIENT\SRC_DLL\CL_DLL\DEBUG\HL_OBJECTS.OBJ
C:\HL_SRC\TOOLSET_CLIENT\SRC_DLL\CL_DLL\DEBUG\HL_WEAPONS.OBJ
C:\HL_SRC\TOOLSET_CLIENT\SRC_DLL\CL_DLL\DEBUG\HL_WPN_GLOCK.OBJ
C:\HL_SRC\TOOLSET_CLIENT\SRC_DLL\CL_DLL\DEBUG\HORNETGUN.OBJ
C:\HL_SRC\TOOLSET_CLIENT\SRC_DLL\CL_DLL\DEBUG\INTERFACE.OBJ
C:\HL_SRC\TOOLSET_CLIENT\SRC_DLL\CL_DLL\DEBUG\MP5.OBJ
C:\HL_SRC\TOOLSET_CLIENT\SRC_DLL\CL_DLL\DEBUG\PYTHON.OBJ
C:\HL_SRC\TOOLSET_CLIENT\SRC_DLL\CL_DLL\DEBUG\RPG.OBJ
C:\HL_SRC\TOOLSET_CLIENT\SRC_DLL\CL_DLL\DEBUG\SATCHEL.OBJ
C:\HL_SRC\TOOLSET_CLIENT\SRC_DLL\CL_DLL\DEBUG\SHOTGUN.OBJ
C:\HL_SRC\TOOLSET_CLIENT\SRC_DLL\CL_DLL\DEBUG\SQUEAKGRENADE.OBJ
C:\HL_SRC\TOOLSET_CLIENT\SRC_DLL\CL_DLL\DEBUG\TRIPMINE.OBJ
C:\HL_SRC\TOOLSET_CLIENT\SRC_DLL\CL_DLL\DEBUG\VGUI_SCROLLBAR2.OBJ
C:\HL_SRC\TOOLSET_CLIENT\SRC_DLL\CL_DLL\DEBUG\VGUI_SLIDER2.OBJ
C:\HL_SRC\TOOLSET_CLIENT\SRC_DLL\CL_DLL\DEBUG\VOICE_BANMGR.OBJ
C:\HL_SRC\TOOLSET_CLIENT\SRC_DLL\CL_DLL\DEBUG\VOICE_STATUS.OBJ
C:\HL_SRC\TOOLSET_CLIENT\SRC_DLL\CL_DLL\DEBUG\EV_HLDM.SBR
C:\HL_SRC\TOOLSET_CLIENT\SRC_DLL\CL_DLL\DEBUG\EGON.SBR
C:\HL_SRC\TOOLSET_CLIENT\SRC_DLL\CL_DLL\DEBUG\CROWBAR.SBR
C:\HL_SRC\TOOLSET_CLIENT\SRC_DLL\CL_DLL\DEBUG\CROSSBOW.SBR
C:\HL_SRC\TOOLSET_CLIENT\SRC_DLL\CL_DLL\DEBUG\VIEW.SBR
C:\HL_SRC\TOOLSET_CLIENT\SRC_DLL\CL_DLL\DEBUG\VGUI_TEAMMENU.SBR
C:\HL_SRC\TOOLSET_CLIENT\SRC_DLL\CL_DLL\DEBUG\VGUI_TEAMFORTRESSVIEWPORT.SBR
C:\HL_SRC\TOOLSET_CLIENT\SRC_DLL\CL_DLL\DEBUG\VGUI_SPECTATORPANEL.SBR
C:\HL_SRC\TOOLSET_CLIENT\SRC_DLL\CL_DLL\DEBUG\VGUI_SERVERBROWSER.SBR
C:\HL_SRC\TOOLSET_CLIENT\SRC_DLL\CL_DLL\DEBUG\VGUI_SCOREPANEL.SBR
C:\HL_SRC\TOOLSET_CLIENT\SRC_DLL\CL_DLL\DEBUG\VGUI_SCHEMEMANAGER.SBR
C:\HL_SRC\TOOLSET_CLIENT\SRC_DLL\CL_DLL\DEBUG\VGUI_MOTDWINDOW.SBR
C:\HL_SRC\TOOLSET_CLIENT\SRC_DLL\CL_DLL\DEBUG\VGUI_LOADTGA.SBR
C:\HL_SRC\TOOLSET_CLIENT\SRC_DLL\CL_DLL\DEBUG\VGUI_LISTBOX.SBR
C:\HL_SRC\TOOLSET_CLIENT\SRC_DLL\CL_DLL\DEBUG\VGUI_INT.SBR
C:\HL_SRC\TOOLSET_CLIENT\SRC_DLL\CL_DLL\DEBUG\VGUI_HELPERS.SBR
C:\HL_SRC\TOOLSET_CLIENT\SRC_DLL\CL_DLL\DEBUG\VGUI_GRID.SBR
C:\HL_SRC\TOOLSET_CLIENT\SRC_DLL\CL_DLL\DEBUG\VGUI_CUSTOMOBJECTS.SBR
C:\HL_SRC\TOOLSET_CLIENT\SRC_DLL\CL_DLL\DEBUG\VGUI_CONTROLCONFIGPANEL.SBR
C:\HL_SRC\TOOLSET_CLIENT\SRC_DLL\CL_DLL\DEBUG\VGUI_CONSOLEPANEL.SBR
C:\HL_SRC\TOOLSET_CLIENT\SRC_DLL\CL_DLL\DEBUG\VGUI_CONSOLEPANEL.OBJ
C:\HL_SRC\TOOLSET_CLIENT\SRC_DLL\CL_DLL\DEBUG\VGUI_CONTROLCONFIGPANEL.OBJ
C:\HL_SRC\TOOLSET_CLIENT\SRC_DLL\CL_DLL\DEBUG\VGUI_CUSTOMOBJECTS.OBJ
C:\HL_SRC\TOOLSET_CLIENT\SRC_DLL\CL_DLL\DEBUG\VGUI_GRID.OBJ
C:\HL_SRC\TOOLSET_CLIENT\SRC_DLL\CL_DLL\DEBUG\VGUI_HELPERS.OBJ
C:\HL_SRC\TOOLSET_CLIENT\SRC_DLL\CL_DLL\DEBUG\VGUI_INT.OBJ
C:\HL_SRC\TOOLSET_CLIENT\SRC_DLL\CL_DLL\DEBUG\VGUI_LISTBOX.OBJ
C:\HL_SRC\TOOLSET_CLIENT\SRC_DLL\CL_DLL\DEBUG\VGUI_LOADTGA.OBJ
C:\HL_SRC\TOOLSET_CLIENT\SRC_DLL\CL_DLL\DEBUG\VGUI_MOTDWINDOW.OBJ
C:\HL_SRC\TOOLSET_CLIENT\SRC_DLL\CL_DLL\DEBUG\VGUI_SCHEMEMANAGER.OBJ
C:\HL_SRC\TOOLSET_CLIENT\SRC_DLL\CL_DLL\DEBUG\VGUI_SCOREPANEL.OBJ
C:\HL_SRC\TOOLSET_CLIENT\SRC_DLL\CL_DLL\DEBUG\VGUI_SERVERBROWSER.OBJ
C:\HL_SRC\TOOLSET_CLIENT\SRC_DLL\CL_DLL\DEBUG\VGUI_SPECTATORPANEL.OBJ
C:\HL_SRC\TOOLSET_CLIENT\SRC_DLL\CL_DLL\DEBUG\VGUI_TEAMFORTRESSVIEWPORT.OBJ
C:\HL_SRC\TOOLSET_CLIENT\SRC_DLL\CL_DLL\DEBUG\VGUI_TEAMMENU.OBJ
C:\HL_SRC\TOOLSET_CLIENT\SRC_DLL\CL_DLL\DEBUG\VIEW.OBJ
C:\HL_SRC\TOOLSET_CLIENT\SRC_DLL\CL_DLL\DEBUG\CROSSBOW.OBJ
C:\HL_SRC\TOOLSET_CLIENT\SRC_DLL\CL_DLL\DEBUG\CROWBAR.OBJ
C:\HL_SRC\TOOLSET_CLIENT\SRC_DLL\CL_DLL\DEBUG\EGON.OBJ
C:\HL_SRC\TOOLSET_CLIENT\SRC_DLL\CL_DLL\DEBUG\EV_HLDM.OBJ
C:\HL_SRC\TOOLSET_CLIENT\SRC_DLL\CL_DLL\DEBUG\VGUI_CLASSMENU.SBR
C:\HL_SRC\TOOLSET_CLIENT\SRC_DLL\CL_DLL\DEBUG\VGUI_CHECKBUTTON2.SBR
C:\HL_SRC\TOOLSET_CLIENT\SRC_DLL\CL_DLL\DEBUG\UTIL.SBR
C:\HL_SRC\TOOLSET_CLIENT\SRC_DLL\CL_DLL\DEBUG\TRI.SBR
C:\HL_SRC\TOOLSET_CLIENT\SRC_DLL\CL_DLL\DEBUG\TRAIN.SBR
C:\HL_SRC\TOOLSET_CLIENT\SRC_DLL\CL_DLL\DEBUG\TEXT_MESSAGE.SBR
C:\HL_SRC\TOOLSET_CLIENT\SRC_DLL\CL_DLL\DEBUG\STUDIOMODELRENDERER.SBR
C:\HL_SRC\TOOLSET_CLIENT\SRC_DLL\CL_DLL\DEBUG\STUDIO_UTIL.SBR
C:\HL_SRC\TOOLSET_CLIENT\SRC_DLL\CL_DLL\DEBUG\STATUSBAR.SBR
C:\HL_SRC\TOOLSET_CLIENT\SRC_DLL\CL_DLL\DEBUG\STATUS_ICONS.SBR
C:\HL_SRC\TOOLSET_CLIENT\SRC_DLL\CL_DLL\DEBUG\SAYTEXT.SBR
C:\HL_SRC\TOOLSET_CLIENT\SRC_DLL\CL_DLL\DEBUG\PARSEMSG.SBR
C:\HL_SRC\TOOLSET_CLIENT\SRC_DLL\CL_DLL\DEBUG\MESSAGE.SBR
C:\HL_SRC\TOOLSET_CLIENT\SRC_DLL\CL_DLL\DEBUG\MENU.SBR
C:\HL_SRC\TOOLSET_CLIENT\SRC_DLL\CL_DLL\DEBUG\INPUTW32.SBR
C:\HL_SRC\TOOLSET_CLIENT\SRC_DLL\CL_DLL\DEBUG\INPUT.SBR
C:\HL_SRC\TOOLSET_CLIENT\SRC_DLL\CL_DLL\DEBUG\IN_CAMERA.SBR
C:\HL_SRC\TOOLSET_CLIENT\SRC_DLL\CL_DLL\DEBUG\HUD_UPDATE.SBR
C:\HL_SRC\TOOLSET_CLIENT\SRC_DLL\CL_DLL\DEBUG\HUD_SPECTATOR.SBR
C:\HL_SRC\TOOLSET_CLIENT\SRC_DLL\CL_DLL\DEBUG\HUD_SERVERS.SBR
C:\HL_SRC\TOOLSET_CLIENT\SRC_DLL\CL_DLL\DEBUG\HUD_SERVERS.OBJ
C:\HL_SRC\TOOLSET_CLIENT\SRC_DLL\CL_DLL\DEBUG\HUD_SPECTATOR.OBJ
C:\HL_SRC\TOOLSET_CLIENT\SRC_DLL\CL_DLL\DEBUG\HUD_UPDATE.OBJ
C:\HL_SRC\TOOLSET_CLIENT\SRC_DLL\CL_DLL\DEBUG\IN_CAMERA.OBJ
C:\HL_SRC\TOOLSET_CLIENT\SRC_DLL\CL_DLL\DEBUG\INPUT.OBJ
C:\HL_SRC\TOOLSET_CLIENT\SRC_DLL\CL_DLL\DEBUG\INPUTW32.OBJ
C:\HL_SRC\TOOLSET_CLIENT\SRC_DLL\CL_DLL\DEBUG\MENU.OBJ
C:\HL_SRC\TOOLSET_CLIENT\SRC_DLL\CL_DLL\DEBUG\MESSAGE.OBJ
C:\HL_SRC\TOOLSET_CLIENT\SRC_DLL\CL_DLL\DEBUG\PARSEMSG.OBJ
C:\HL_SRC\TOOLSET_CLIENT\SRC_DLL\CL_DLL\DEBUG\SAYTEXT.OBJ
C:\HL_SRC\TOOLSET_CLIENT\SRC_DLL\CL_DLL\DEBUG\STATUS_ICONS.OBJ
C:\HL_SRC\TOOLSET_CLIENT\SRC_DLL\CL_DLL\DEBUG\STATUSBAR.OBJ
C:\HL_SRC\TOOLSET_CLIENT\SRC_DLL\CL_DLL\DEBUG\STUDIO_UTIL.OBJ
C:\HL_SRC\TOOLSET_CLIENT\SRC_DLL\CL_DLL\DEBUG\STUDIOMODELRENDERER.OBJ
C:\HL_SRC\TOOLSET_CLIENT\SRC_DLL\CL_DLL\DEBUG\TEXT_MESSAGE.OBJ
C:\HL_SRC\TOOLSET_CLIENT\SRC_DLL\CL_DLL\DEBUG\TRAIN.OBJ
C:\HL_SRC\TOOLSET_CLIENT\SRC_DLL\CL_DLL\DEBUG\TRI.OBJ
C:\HL_SRC\TOOLSET_CLIENT\SRC_DLL\CL_DLL\DEBUG\UTIL.OBJ
C:\HL_SRC\TOOLSET_CLIENT\SRC_DLL\CL_DLL\DEBUG\VGUI_CHECKBUTTON2.OBJ
C:\HL_SRC\TOOLSET_CLIENT\SRC_DLL\CL_DLL\DEBUG\VGUI_CLASSMENU.OBJ
C:\HL_SRC\TOOLSET_CLIENT\SRC_DLL\CL_DLL\DEBUG\HUD_REDRAW.SBR
C:\HL_SRC\TOOLSET_CLIENT\SRC_DLL\CL_DLL\DEBUG\HUD_MSG.SBR
C:\HL_SRC\TOOLSET_CLIENT\SRC_DLL\CL_DLL\DEBUG\HUD.SBR
C:\HL_SRC\TOOLSET_CLIENT\SRC_DLL\CL_DLL\DEBUG\HEALTH.SBR
C:\HL_SRC\TOOLSET_CLIENT\SRC_DLL\CL_DLL\DEBUG\GEIGER.SBR
C:\HL_SRC\TOOLSET_CLIENT\SRC_DLL\CL_DLL\DEBUG\GAMESTUDIOMODELRENDERER.SBR
C:\HL_SRC\TOOLSET_CLIENT\SRC_DLL\CL_DLL\DEBUG\FLASHLIGHT.SBR
C:\HL_SRC\TOOLSET_CLIENT\SRC_DLL\CL_DLL\DEBUG\EVENTS.SBR
C:\HL_SRC\TOOLSET_CLIENT\SRC_DLL\CL_DLL\DEBUG\EV_COMMON.SBR
C:\HL_SRC\TOOLSET_CLIENT\SRC_DLL\CL_DLL\DEBUG\ENTITY.SBR
C:\HL_SRC\TOOLSET_CLIENT\SRC_DLL\CL_DLL\DEBUG\DEMO.SBR
C:\HL_SRC\TOOLSET_CLIENT\SRC_DLL\CL_DLL\DEBUG\DEATH.SBR
C:\HL_SRC\TOOLSET_CLIENT\SRC_DLL\CL_DLL\DEBUG\COM_WEAPONS.SBR
C:\HL_SRC\TOOLSET_CLIENT\SRC_DLL\CL_DLL\DEBUG\CDLL_INT.SBR
C:\HL_SRC\TOOLSET_CLIENT\SRC_DLL\CL_DLL\DEBUG\BATTERY.SBR
C:\HL_SRC\TOOLSET_CLIENT\SRC_DLL\CL_DLL\DEBUG\AMMOHISTORY.SBR
C:\HL_SRC\TOOLSET_CLIENT\SRC_DLL\CL_DLL\DEBUG\AMMO_SECONDARY.SBR
C:\HL_SRC\TOOLSET_CLIENT\SRC_DLL\CL_DLL\DEBUG\AMMO.SBR
C:\HL_SRC\TOOLSET_CLIENT\SRC_DLL\CL_DLL\DEBUG\AMMO.OBJ
C:\HL_SRC\TOOLSET_CLIENT\SRC_DLL\CL_DLL\DEBUG\AMMO_SECONDARY.OBJ
C:\HL_SRC\TOOLSET_CLIENT\SRC_DLL\CL_DLL\DEBUG\AMMOHISTORY.OBJ
C:\HL_SRC\TOOLSET_CLIENT\SRC_DLL\CL_DLL\DEBUG\BATTERY.OBJ
C:\HL_SRC\TOOLSET_CLIENT\SRC_DLL\CL_DLL\DEBUG\CDLL_INT.OBJ
C:\HL_SRC\TOOLSET_CLIENT\SRC_DLL\CL_DLL\DEBUG\COM_WEAPONS.OBJ
C:\HL_SRC\TOOLSET_CLIENT\SRC_DLL\CL_DLL\DEBUG\DEATH.OBJ
C:\HL_SRC\TOOLSET_CLIENT\SRC_DLL\CL_DLL\DEBUG\DEMO.OBJ
C:\HL_SRC\TOOLSET_CLIENT\SRC_DLL\CL_DLL\DEBUG\ENTITY.OBJ
C:\HL_SRC\TOOLSET_CLIENT\SRC_DLL\CL_DLL\DEBUG\EV_COMMON.OBJ
C:\HL_SRC\TOOLSET_CLIENT\SRC_DLL\CL_DLL\DEBUG\EVENTS.OBJ
C:\HL_SRC\TOOLSET_CLIENT\SRC_DLL\CL_DLL\DEBUG\FLASHLIGHT.OBJ
C:\HL_SRC\TOOLSET_CLIENT\SRC_DLL\CL_DLL\DEBUG\GAMESTUDIOMODELRENDERER.OBJ
C:\HL_SRC\TOOLSET_CLIENT\SRC_DLL\CL_DLL\DEBUG\GEIGER.OBJ
C:\HL_SRC\TOOLSET_CLIENT\SRC_DLL\CL_DLL\DEBUG\HEALTH.OBJ
C:\HL_SRC\TOOLSET_CLIENT\SRC_DLL\CL_DLL\DEBUG\HUD.OBJ
C:\HL_SRC\TOOLSET_CLIENT\SRC_DLL\CL_DLL\DEBUG\HUD_MSG.OBJ
C:\HL_SRC\TOOLSET_CLIENT\SRC_DLL\CL_DLL\DEBUG\HUD_REDRAW.OBJ
C:\HL_SRC\TOOLSET_CLIENT\SRC_DLL\CL_DLL\DEBUG\VC110.PDB
C:\HL_SRC\TOOLSET_CLIENT\SRC_DLL\CL_DLL\DEBUG\PM_SHARED.SBR
C:\HL_SRC\TOOLSET_CLIENT\SRC_DLL\CL_DLL\DEBUG\PM_MATH.SBR
C:\HL_SRC\TOOLSET_CLIENT\SRC_DLL\CL_DLL\DEBUG\PM_DEBUG.SBR
C:\HL_SRC\TOOLSET_CLIENT\SRC_DLL\CL_DLL\DEBUG\PM_DEBUG.OBJ
C:\HL_SRC\TOOLSET_CLIENT\SRC_DLL\CL_DLL\DEBUG\PM_MATH.OBJ
C:\HL_SRC\TOOLSET_CLIENT\SRC_DLL\CL_DLL\DEBUG\PM_SHARED.OBJ
C:\hl_src\toolset_client\src_dll\cl_dll\Debug\client.lib
C:\hl_src\toolset_client\src_dll\cl_dll\Debug\client.exp
C:\HL_SRC\TOOLSET_CLIENT\SRC_DLL\CL_DLL\DEBUG\CLIENT.ILK
C:\HL_SRC\TOOLSET_CLIENT\SRC_DLL\CL_DLL\DEBUG\CLIENT.DLL
C:\HL_SRC\TOOLSET_CLIENT\SRC_DLL\CL_DLL\DEBUG\CLIENT.PDB
C:\hl_src\toolset_client\src_dll\cl_dll\Debug\ammo.obj
C:\hl_src\toolset_client\src_dll\cl_dll\Debug\ammohistory.obj
C:\hl_src\toolset_client\src_dll\cl_dll\Debug\ammo_secondary.obj
C:\hl_src\toolset_client\src_dll\cl_dll\Debug\battery.obj
C:\hl_src\toolset_client\src_dll\cl_dll\Debug\cdll_int.obj
C:\hl_src\toolset_client\src_dll\cl_dll\Debug\com_weapons.obj
C:\hl_src\toolset_client\src_dll\cl_dll\Debug\crossbow.obj
C:\hl_src\toolset_client\src_dll\cl_dll\Debug\crowbar.obj
C:\hl_src\toolset_client\src_dll\cl_dll\Debug\death.obj
C:\hl_src\toolset_client\src_dll\cl_dll\Debug\demo.obj
C:\hl_src\toolset_client\src_dll\cl_dll\Debug\egon.obj
C:\hl_src\toolset_client\src_dll\cl_dll\Debug\entity.obj
C:\hl_src\toolset_client\src_dll\cl_dll\Debug\events.obj
C:\hl_src\toolset_client\src_dll\cl_dll\Debug\ev_common.obj
C:\hl_src\toolset_client\src_dll\cl_dll\Debug\ev_hldm.obj
C:\hl_src\toolset_client\src_dll\cl_dll\Debug\flashlight.obj
C:\hl_src\toolset_client\src_dll\cl_dll\Debug\GameStudioModelRenderer.obj
C:\hl_src\toolset_client\src_dll\cl_dll\Debug\gauss.obj
C:\hl_src\toolset_client\src_dll\cl_dll\Debug\geiger.obj
C:\hl_src\toolset_client\src_dll\cl_dll\Debug\handgrenade.obj
C:\hl_src\toolset_client\src_dll\cl_dll\Debug\health.obj
C:\hl_src\toolset_client\src_dll\cl_dll\Debug\hl_baseentity.obj
C:\hl_src\toolset_client\src_dll\cl_dll\Debug\hl_events.obj
C:\hl_src\toolset_client\src_dll\cl_dll\Debug\hl_objects.obj
C:\hl_src\toolset_client\src_dll\cl_dll\Debug\hl_weapons.obj
C:\hl_src\toolset_client\src_dll\cl_dll\Debug\hl_wpn_glock.obj
C:\hl_src\toolset_client\src_dll\cl_dll\Debug\hornetgun.obj
C:\hl_src\toolset_client\src_dll\cl_dll\Debug\hud.obj
C:\hl_src\toolset_client\src_dll\cl_dll\Debug\hud_msg.obj
C:\hl_src\toolset_client\src_dll\cl_dll\Debug\hud_redraw.obj
C:\hl_src\toolset_client\src_dll\cl_dll\Debug\hud_servers.obj
C:\hl_src\toolset_client\src_dll\cl_dll\Debug\hud_spectator.obj
C:\hl_src\toolset_client\src_dll\cl_dll\Debug\hud_update.obj
C:\hl_src\toolset_client\src_dll\cl_dll\Debug\input.obj
C:\hl_src\toolset_client\src_dll\cl_dll\Debug\inputw32.obj
C:\hl_src\toolset_client\src_dll\cl_dll\Debug\interface.obj
C:\hl_src\toolset_client\src_dll\cl_dll\Debug\in_camera.obj
C:\hl_src\toolset_client\src_dll\cl_dll\Debug\menu.obj
C:\hl_src\toolset_client\src_dll\cl_dll\Debug\message.obj
C:\hl_src\toolset_client\src_dll\cl_dll\Debug\mp5.obj
C:\hl_src\toolset_client\src_dll\cl_dll\Debug\parsemsg.obj
C:\hl_src\toolset_client\src_dll\cl_dll\Debug\pm_debug.obj
C:\hl_src\toolset_client\src_dll\cl_dll\Debug\pm_math.obj
C:\hl_src\toolset_client\src_dll\cl_dll\Debug\pm_shared.obj
C:\hl_src\toolset_client\src_dll\cl_dll\Debug\python.obj
C:\hl_src\toolset_client\src_dll\cl_dll\Debug\rpg.obj
C:\hl_src\toolset_client\src_dll\cl_dll\Debug\satchel.obj
C:\hl_src\toolset_client\src_dll\cl_dll\Debug\saytext.obj
C:\hl_src\toolset_client\src_dll\cl_dll\Debug\shotgun.obj
C:\hl_src\toolset_client\src_dll\cl_dll\Debug\squeakgrenade.obj
C:\hl_src\toolset_client\src_dll\cl_dll\Debug\statusbar.obj
C:\hl_src\toolset_client\src_dll\cl_dll\Debug\status_icons.obj
C:\hl_src\toolset_client\src_dll\cl_dll\Debug\StudioModelRenderer.obj
C:\hl_src\toolset_client\src_dll\cl_dll\Debug\studio_util.obj
C:\hl_src\toolset_client\src_dll\cl_dll\Debug\text_message.obj
C:\hl_src\toolset_client\src_dll\cl_dll\Debug\train.obj
C:\hl_src\toolset_client\src_dll\cl_dll\Debug\tri.obj
C:\hl_src\toolset_client\src_dll\cl_dll\Debug\tripmine.obj
C:\hl_src\toolset_client\src_dll\cl_dll\Debug\util.obj
C:\hl_src\toolset_client\src_dll\cl_dll\Debug\vgui_checkbutton2.obj
C:\hl_src\toolset_client\src_dll\cl_dll\Debug\vgui_ClassMenu.obj
C:\hl_src\toolset_client\src_dll\cl_dll\Debug\vgui_ConsolePanel.obj
C:\hl_src\toolset_client\src_dll\cl_dll\Debug\vgui_ControlConfigPanel.obj
C:\hl_src\toolset_client\src_dll\cl_dll\Debug\vgui_CustomObjects.obj
C:\hl_src\toolset_client\src_dll\cl_dll\Debug\vgui_grid.obj
C:\hl_src\toolset_client\src_dll\cl_dll\Debug\vgui_helpers.obj
C:\hl_src\toolset_client\src_dll\cl_dll\Debug\vgui_int.obj
C:\hl_src\toolset_client\src_dll\cl_dll\Debug\vgui_listbox.obj
C:\hl_src\toolset_client\src_dll\cl_dll\Debug\vgui_loadtga.obj
C:\hl_src\toolset_client\src_dll\cl_dll\Debug\vgui_MOTDWindow.obj
C:\hl_src\toolset_client\src_dll\cl_dll\Debug\vgui_SchemeManager.obj
C:\hl_src\toolset_client\src_dll\cl_dll\Debug\vgui_ScorePanel.obj
C:\hl_src\toolset_client\src_dll\cl_dll\Debug\vgui_scrollbar2.obj
C:\hl_src\toolset_client\src_dll\cl_dll\Debug\vgui_ServerBrowser.obj
C:\hl_src\toolset_client\src_dll\cl_dll\Debug\vgui_slider2.obj
C:\hl_src\toolset_client\src_dll\cl_dll\Debug\vgui_SpectatorPanel.obj
C:\hl_src\toolset_client\src_dll\cl_dll\Debug\vgui_TeamFortressViewport.obj
C:\hl_src\toolset_client\src_dll\cl_dll\Debug\vgui_teammenu.obj
C:\hl_src\toolset_client\src_dll\cl_dll\Debug\view.obj
C:\hl_src\toolset_client\src_dll\cl_dll\Debug\voice_banmgr.obj
C:\hl_src\toolset_client\src_dll\cl_dll\Debug\voice_status.obj
C:\hl_src\toolset_client\src_dll\cl_dll\Debug\client.ilk
C:\hl_src\toolset_client\src_dll\cl_dll\Debug\BscMake.command.1.tlog
C:\hl_src\toolset_client\src_dll\cl_dll\Debug\bscmake.read.1.tlog
C:\hl_src\toolset_client\src_dll\cl_dll\Debug\bscmake.write.1.tlog
C:\hl_src\toolset_client\src_dll\cl_dll\Debug\cl.command.1.tlog
C:\hl_src\toolset_client\src_dll\cl_dll\Debug\CL.read.1.tlog
C:\hl_src\toolset_client\src_dll\cl_dll\Debug\CL.write.1.tlog
C:\hl_src\toolset_client\src_dll\cl_dll\Debug\cl_dll.write.1.tlog
C:\hl_src\toolset_client\src_dll\cl_dll\Debug\link-cvtres.read.1.tlog
C:\hl_src\toolset_client\src_dll\cl_dll\Debug\link-cvtres.write.1.tlog
C:\hl_src\toolset_client\src_dll\cl_dll\Debug\link-rc.read.1.tlog
C:\hl_src\toolset_client\src_dll\cl_dll\Debug\link-rc.write.1.tlog
C:\hl_src\toolset_client\src_dll\cl_dll\Debug\link.command.1.tlog
C:\hl_src\toolset_client\src_dll\cl_dll\Debug\link.read.1.tlog
C:\hl_src\toolset_client\src_dll\cl_dll\Debug\link.write.1.tlog
C:\hl_src\toolset_client\src_dll\cl_dll\Debug\vc110.idb
C:\hl_src\toolset_client\src_dll\cl_dll\Debug\client.pdb
C:\hl_src\toolset_client\src_dll\cl_dll\Debug\vc110.pdb
C:\hl_src\toolset_client\src_dll\cl_dll\Debug\cl_dll.bsc
C:\hl_src\toolset_client\src_dll\cl_dll\Debug\ammo.sbr
C:\hl_src\toolset_client\src_dll\cl_dll\Debug\ammohistory.sbr
C:\hl_src\toolset_client\src_dll\cl_dll\Debug\ammo_secondary.sbr
C:\hl_src\toolset_client\src_dll\cl_dll\Debug\battery.sbr
C:\hl_src\toolset_client\src_dll\cl_dll\Debug\cdll_int.sbr
C:\hl_src\toolset_client\src_dll\cl_dll\Debug\com_weapons.sbr
C:\hl_src\toolset_client\src_dll\cl_dll\Debug\crossbow.sbr
C:\hl_src\toolset_client\src_dll\cl_dll\Debug\crowbar.sbr
C:\hl_src\toolset_client\src_dll\cl_dll\Debug\death.sbr
C:\hl_src\toolset_client\src_dll\cl_dll\Debug\demo.sbr
C:\hl_src\toolset_client\src_dll\cl_dll\Debug\egon.sbr
C:\hl_src\toolset_client\src_dll\cl_dll\Debug\entity.sbr
C:\hl_src\toolset_client\src_dll\cl_dll\Debug\events.sbr
C:\hl_src\toolset_client\src_dll\cl_dll\Debug\ev_common.sbr
C:\hl_src\toolset_client\src_dll\cl_dll\Debug\ev_hldm.sbr
C:\hl_src\toolset_client\src_dll\cl_dll\Debug\flashlight.sbr
C:\hl_src\toolset_client\src_dll\cl_dll\Debug\GameStudioModelRenderer.sbr
C:\hl_src\toolset_client\src_dll\cl_dll\Debug\gauss.sbr
C:\hl_src\toolset_client\src_dll\cl_dll\Debug\geiger.sbr
C:\hl_src\toolset_client\src_dll\cl_dll\Debug\handgrenade.sbr
C:\hl_src\toolset_client\src_dll\cl_dll\Debug\health.sbr
C:\hl_src\toolset_client\src_dll\cl_dll\Debug\hl_baseentity.sbr
C:\hl_src\toolset_client\src_dll\cl_dll\Debug\hl_events.sbr
C:\hl_src\toolset_client\src_dll\cl_dll\Debug\hl_objects.sbr
C:\hl_src\toolset_client\src_dll\cl_dll\Debug\hl_weapons.sbr
C:\hl_src\toolset_client\src_dll\cl_dll\Debug\hl_wpn_glock.sbr
C:\hl_src\toolset_client\src_dll\cl_dll\Debug\hornetgun.sbr
C:\hl_src\toolset_client\src_dll\cl_dll\Debug\hud.sbr
C:\hl_src\toolset_client\src_dll\cl_dll\Debug\hud_msg.sbr
C:\hl_src\toolset_client\src_dll\cl_dll\Debug\hud_redraw.sbr
C:\hl_src\toolset_client\src_dll\cl_dll\Debug\hud_servers.sbr
C:\hl_src\toolset_client\src_dll\cl_dll\Debug\hud_spectator.sbr
C:\hl_src\toolset_client\src_dll\cl_dll\Debug\hud_update.sbr
C:\hl_src\toolset_client\src_dll\cl_dll\Debug\input.sbr
C:\hl_src\toolset_client\src_dll\cl_dll\Debug\inputw32.sbr
C:\hl_src\toolset_client\src_dll\cl_dll\Debug\interface.sbr
C:\hl_src\toolset_client\src_dll\cl_dll\Debug\in_camera.sbr
C:\hl_src\toolset_client\src_dll\cl_dll\Debug\menu.sbr
C:\hl_src\toolset_client\src_dll\cl_dll\Debug\message.sbr
C:\hl_src\toolset_client\src_dll\cl_dll\Debug\mp5.sbr
C:\hl_src\toolset_client\src_dll\cl_dll\Debug\parsemsg.sbr
C:\hl_src\toolset_client\src_dll\cl_dll\Debug\pm_debug.sbr
C:\hl_src\toolset_client\src_dll\cl_dll\Debug\pm_math.sbr
C:\hl_src\toolset_client\src_dll\cl_dll\Debug\pm_shared.sbr
C:\hl_src\toolset_client\src_dll\cl_dll\Debug\python.sbr
C:\hl_src\toolset_client\src_dll\cl_dll\Debug\rpg.sbr
C:\hl_src\toolset_client\src_dll\cl_dll\Debug\satchel.sbr
C:\hl_src\toolset_client\src_dll\cl_dll\Debug\saytext.sbr
C:\hl_src\toolset_client\src_dll\cl_dll\Debug\shotgun.sbr
C:\hl_src\toolset_client\src_dll\cl_dll\Debug\squeakgrenade.sbr
C:\hl_src\toolset_client\src_dll\cl_dll\Debug\statusbar.sbr
C:\hl_src\toolset_client\src_dll\cl_dll\Debug\status_icons.sbr
C:\hl_src\toolset_client\src_dll\cl_dll\Debug\StudioModelRenderer.sbr
C:\hl_src\toolset_client\src_dll\cl_dll\Debug\studio_util.sbr
C:\hl_src\toolset_client\src_dll\cl_dll\Debug\text_message.sbr
C:\hl_src\toolset_client\src_dll\cl_dll\Debug\train.sbr
C:\hl_src\toolset_client\src_dll\cl_dll\Debug\tri.sbr
C:\hl_src\toolset_client\src_dll\cl_dll\Debug\tripmine.sbr
C:\hl_src\toolset_client\src_dll\cl_dll\Debug\util.sbr
C:\hl_src\toolset_client\src_dll\cl_dll\Debug\vgui_checkbutton2.sbr
C:\hl_src\toolset_client\src_dll\cl_dll\Debug\vgui_ClassMenu.sbr
C:\hl_src\toolset_client\src_dll\cl_dll\Debug\vgui_ConsolePanel.sbr
C:\hl_src\toolset_client\src_dll\cl_dll\Debug\vgui_ControlConfigPanel.sbr
C:\hl_src\toolset_client\src_dll\cl_dll\Debug\vgui_CustomObjects.sbr
C:\hl_src\toolset_client\src_dll\cl_dll\Debug\vgui_grid.sbr
C:\hl_src\toolset_client\src_dll\cl_dll\Debug\vgui_helpers.sbr
C:\hl_src\toolset_client\src_dll\cl_dll\Debug\vgui_int.sbr
C:\hl_src\toolset_client\src_dll\cl_dll\Debug\vgui_listbox.sbr
C:\hl_src\toolset_client\src_dll\cl_dll\Debug\vgui_loadtga.sbr
C:\hl_src\toolset_client\src_dll\cl_dll\Debug\vgui_MOTDWindow.sbr
C:\hl_src\toolset_client\src_dll\cl_dll\Debug\vgui_SchemeManager.sbr
C:\hl_src\toolset_client\src_dll\cl_dll\Debug\vgui_ScorePanel.sbr
C:\hl_src\toolset_client\src_dll\cl_dll\Debug\vgui_scrollbar2.sbr
C:\hl_src\toolset_client\src_dll\cl_dll\Debug\vgui_ServerBrowser.sbr
C:\hl_src\toolset_client\src_dll\cl_dll\Debug\vgui_slider2.sbr
C:\hl_src\toolset_client\src_dll\cl_dll\Debug\vgui_SpectatorPanel.sbr
C:\hl_src\toolset_client\src_dll\cl_dll\Debug\vgui_TeamFortressViewport.sbr
C:\hl_src\toolset_client\src_dll\cl_dll\Debug\vgui_teammenu.sbr
C:\hl_src\toolset_client\src_dll\cl_dll\Debug\view.sbr
C:\hl_src\toolset_client\src_dll\cl_dll\Debug\voice_banmgr.sbr
C:\hl_src\toolset_client\src_dll\cl_dll\Debug\voice_status.sbr
